<?xml version="1.0" encoding="UTF-8"?>
<!-- Generated by org.testng.reporters.JUnitXMLReporter -->
<testsuite ignored="0" hostname="LAPTOP-APP06KDG" failures="1" tests="5" name="Test" time="30.604" errors="0" timestamp="2023-06-23T11:23:30 EDT">
  <testcase classname="com.naveenautomationlabs.AutomationFramework.AccountLoginTest" name="validateLoginUsingValidCredentials" time="2.139"/>
  <testcase classname="com.naveenautomationlabs.AutomationFramework.YourStoreTest" name="testFailure" time="0.003">
    <skipped/>
  </testcase> <!-- testFailure -->
  <testcase classname="com.naveenautomationlabs.AutomationFramework.YourStoreTest" name="testFailure" time="0.002">
    <skipped/>
  </testcase> <!-- testFailure -->
  <testcase classname="com.naveenautomationlabs.AutomationFramework.YourStoreTest" name="testFailure" time="0.002">
    <failure type="java.lang.AssertionError" message="expected [Sheela] but found [Munni]">
      <![CDATA[java.lang.AssertionError: expected [Sheela] but found [Munni]
at com.naveenautomationlabs.AutomationFramework.YourStoreTest.testFailure(YourStoreTest.java:36)
at java.base/java.util.ArrayList.forEach(ArrayList.java:1511)
... Removed 33 stack frames]]>
    </failure>
  </testcase> <!-- testFailure -->
  <testcase classname="com.naveenautomationlabs.AutomationFramework.YourStoreTest" name="validateLoginUsingValidCredentials" time="1.673"/>
</testsuite> <!-- Test -->
